
> dashboard-v2@0.1.0 build
> next build

⚠ Warning: Next.js inferred your workspace root, but it may not be correct.
 We detected multiple lockfiles and selected the directory of /home/ryanw/package-lock.json as the root directory.
 To silence this warning, set `turbopack.root` in your Next.js config, or consider removing one of the lockfiles if it's not needed.
   See https://nextjs.org/docs/app/api-reference/config/next-config-js/turbopack#root-directory for more information.
 Detected additional lockfiles: 
   * /home/ryanw/.openclaw/workspace/dashboard-v2/package-lock.json

▲ Next.js 16.1.6 (Turbopack)

  Creating an optimized production build ...
✓ Compiled successfully in 3.9s
  Running TypeScript ...
  Collecting page data using 3 workers ...
  Generating static pages using 3 workers (0/12) ...
  Generating static pages using 3 workers (3/12) 
  Generating static pages using 3 workers (6/12) 
  Generating static pages using 3 workers (9/12) 
✓ Generating static pages using 3 workers (12/12) in 174.7ms
  Finalizing page optimization ...

Route (app)
┌ ○ /
├ ○ /_not-found
├ ƒ /api/agent-activity
├ ƒ /api/arb-ledger
├ ƒ /api/brief
├ ƒ /api/polymarket
├ ƒ /api/simulate-bet
├ ƒ /api/simulate-stats
├ ƒ /api/status
└ ƒ /api/tasks


○  (Static)   prerendered as static content
ƒ  (Dynamic)  server-rendered on demand

